# JRE version: OpenJDK Runtime Environment (21.0.5) (build 21.0.5+-13047016-b750.29)
# Java VM: OpenJDK 64-Bit Server VM (21.0.5+-13047016-b750.29, mixed mode, tiered, compressed oops, compressed class ptrs, g1 gc, windows-amd64)
GC Precious Log:
 CardTable entry size: 512
 Card Set container configuration: InlinePtr #cards 5 size 8 Array Of Cards #cards 12 size 40 Howl #buckets 4 coarsen threshold 1843 Howl Bitmap #cards 512 size 80 coarsen threshold 460 Card regions per heap region 1 cards per card region 2048
 CPUs: 4 total, 4 available
 Memory: 7886M
 Large Page Support: Disabled
 NUMA Support: Disabled
 Compressed Oops: Enabled (32-bit)
 Heap Region Size: 1M
 Heap Min Capacity: 8M
 Heap Initial Capacity: 124M
 Heap Max Capacity: 2G
 Pre-touch: Disabled
 Parallel Workers: 4
 Concurrent Workers: 1
 Concurrent Refinement Workers: 4
 Periodic GC: Disabled
Heap:
 garbage-first heap   total 347136K, used 260608K [0x0000000080000000, 0x0000000100000000)
  region size 1024K, 58 young (59392K), 5 survivors (5120K)
 Metaspace       used 144680K, committed 149248K, reserved 1179648K
  class space    used 19081K, committed 20800K, reserved 1048576K
GC Heap History (20 events):
Event: 49.690 GC heap before
{Heap before GC invocations=55 (full 0):
 garbage-first heap   total 237568K, used 209528K [0x0000000080000000, 0x0000000100000000)
  region size 1024K, 73 young (74752K), 6 survivors (6144K)
 Metaspace       used 124480K, committed 126720K, reserved 1179648K
  class space    used 16783K, committed 17856K, reserved 1048576K
}
Event: 49.713 GC heap after
{Heap after GC invocations=56 (full 0):
 garbage-first heap   total 237568K, used 150528K [0x0000000080000000, 0x0000000100000000)
  region size 1024K, 10 young (10240K), 10 survivors (10240K)
 Metaspace       used 124480K, committed 126720K, reserved 1179648K
  class space    used 16783K, committed 17856K, reserved 1048576K
}
Event: 50.534 GC heap before
{Heap before GC invocations=56 (full 0):
 garbage-first heap   total 237568K, used 211968K [0x0000000080000000, 0x0000000100000000)
  region size 1024K, 71 young (72704K), 10 survivors (10240K)
 Metaspace       used 130412K, committed 132608K, reserved 1179648K
  class space    used 17582K, committed 18688K, reserved 1048576K
}
Event: 50.560 GC heap after
{Heap after GC invocations=57 (full 0):
 garbage-first heap   total 285696K, used 156208K [0x0000000080000000, 0x0000000100000000)
  region size 1024K, 5 young (5120K), 5 survivors (5120K)
 Metaspace       used 130412K, committed 132608K, reserved 1179648K
  class space    used 17582K, committed 18688K, reserved 1048576K
}
Event: 52.947 GC heap before
{Heap before GC invocations=58 (full 0):
 garbage-first heap   total 285696K, used 252464K [0x0000000080000000, 0x0000000100000000)
  region size 1024K, 100 young (102400K), 5 survivors (5120K)
 Metaspace       used 133977K, committed 136256K, reserved 1179648K
  class space    used 18037K, committed 19200K, reserved 1048576K
}
Event: 52.972 GC heap after
{Heap after GC invocations=59 (full 0):
 garbage-first heap   total 285696K, used 161840K [0x0000000080000000, 0x0000000100000000)
  region size 1024K, 11 young (11264K), 11 survivors (11264K)
 Metaspace       used 133977K, committed 136256K, reserved 1179648K
  class space    used 18037K, committed 19200K, reserved 1048576K
}
Event: 53.708 GC heap before
{Heap before GC invocations=59 (full 0):
 garbage-first heap   total 285696K, used 255024K [0x0000000080000000, 0x0000000100000000)
  region size 1024K, 101 young (103424K), 11 survivors (11264K)
 Metaspace       used 134834K, committed 137152K, reserved 1179648K
  class space    used 18109K, committed 19264K, reserved 1048576K
}
Event: 53.733 GC heap after
{Heap after GC invocations=60 (full 0):
 garbage-first heap   total 285696K, used 146229K [0x0000000080000000, 0x0000000100000000)
  region size 1024K, 2 young (2048K), 2 survivors (2048K)
 Metaspace       used 134834K, committed 137152K, reserved 1179648K
  class space    used 18109K, committed 19264K, reserved 1048576K
}
Event: 54.658 GC heap before
{Heap before GC invocations=60 (full 0):
 garbage-first heap   total 285696K, used 257845K [0x0000000080000000, 0x0000000100000000)
  region size 1024K, 111 young (113664K), 2 survivors (2048K)
 Metaspace       used 135986K, committed 138240K, reserved 1179648K
  class space    used 18289K, committed 19392K, reserved 1048576K
}
Event: 54.664 GC heap after
{Heap after GC invocations=61 (full 0):
 garbage-first heap   total 285696K, used 147676K [0x0000000080000000, 0x0000000100000000)
  region size 1024K, 4 young (4096K), 4 survivors (4096K)
 Metaspace       used 135986K, committed 138240K, reserved 1179648K
  class space    used 18289K, committed 19392K, reserved 1048576K
}
Event: 56.029 GC heap before
{Heap before GC invocations=61 (full 0):
 garbage-first heap   total 285696K, used 263388K [0x0000000080000000, 0x0000000100000000)
  region size 1024K, 118 young (120832K), 4 survivors (4096K)
 Metaspace       used 137845K, committed 140096K, reserved 1179648K
  class space    used 18588K, committed 19712K, reserved 1048576K
}
Event: 56.042 GC heap after
{Heap after GC invocations=62 (full 0):
 garbage-first heap   total 285696K, used 150064K [0x0000000080000000, 0x0000000100000000)
  region size 1024K, 6 young (6144K), 6 survivors (6144K)
 Metaspace       used 137845K, committed 140096K, reserved 1179648K
  class space    used 18588K, committed 19712K, reserved 1048576K
}
Event: 57.995 GC heap before
{Heap before GC invocations=62 (full 0):
 garbage-first heap   total 285696K, used 203312K [0x0000000080000000, 0x0000000100000000)
  region size 1024K, 60 young (61440K), 6 survivors (6144K)
 Metaspace       used 143183K, committed 145472K, reserved 1179648K
  class space    used 19278K, committed 20416K, reserved 1048576K
}
Event: 58.010 GC heap after
{Heap after GC invocations=63 (full 0):
 garbage-first heap   total 285696K, used 154334K [0x0000000080000000, 0x0000000100000000)
  region size 1024K, 10 young (10240K), 10 survivors (10240K)
 Metaspace       used 143183K, committed 145472K, reserved 1179648K
  class space    used 19278K, committed 20416K, reserved 1048576K
}
Event: 2332.192 GC heap before
{Heap before GC invocations=64 (full 0):
 garbage-first heap   total 316416K, used 309982K [0x0000000080000000, 0x0000000100000000)
  region size 1024K, 112 young (114688K), 10 survivors (10240K)
 Metaspace       used 146189K, committed 148544K, reserved 1179648K
  class space    used 19627K, committed 20800K, reserved 1048576K
}
Event: 2332.426 GC heap after
{Heap after GC invocations=65 (full 0):
 garbage-first heap   total 322560K, used 152580K [0x0000000080000000, 0x0000000100000000)
  region size 1024K, 8 young (8192K), 8 survivors (8192K)
 Metaspace       used 146189K, committed 148544K, reserved 1179648K
  class space    used 19627K, committed 20800K, reserved 1048576K
}
Event: 4878.591 GC heap before
{Heap before GC invocations=65 (full 0):
 garbage-first heap   total 322560K, used 294916K [0x0000000080000000, 0x0000000100000000)
  region size 1024K, 148 young (151552K), 8 survivors (8192K)
 Metaspace       used 146741K, committed 149056K, reserved 1179648K
  class space    used 19632K, committed 20800K, reserved 1048576K
}
Event: 4878.799 GC heap after
{Heap after GC invocations=66 (full 0):
 garbage-first heap   total 322560K, used 150367K [0x0000000080000000, 0x0000000100000000)
  region size 1024K, 17 young (17408K), 17 survivors (17408K)
 Metaspace       used 146741K, committed 149056K, reserved 1179648K
  class space    used 19632K, committed 20800K, reserved 1048576K
}
Event: 4886.137 GC heap before
{Heap before GC invocations=66 (full 0):
 garbage-first heap   total 322560K, used 199519K [0x0000000080000000, 0x0000000100000000)
  region size 1024K, 67 young (68608K), 17 survivors (17408K)
 Metaspace       used 146907K, committed 149248K, reserved 1179648K
  class space    used 19640K, committed 20800K, reserved 1048576K
}
Event: 4886.205 GC heap after
{Heap after GC invocations=67 (full 0):
 garbage-first heap   total 322560K, used 154112K [0x0000000080000000, 0x0000000100000000)
  region size 1024K, 5 young (5120K), 5 survivors (5120K)
 Metaspace       used 146907K, committed 149248K, reserved 1179648K
  class space    used 19640K, committed 20800K, reserved 1048576K
}

